Dữ liệu nhận: {"choices":["A","D"],"betAmount":4523}
Dữ liệu nhận: 
Dữ liệu nhận: {"choices":["A","B","C","D"],"betAmount":4523}
Dữ liệu nhận: {"choices":["A","B"],"betAmount":50}
Dữ liệu nhận: {"choices":["A","D"],"betAmount":444}
Dữ liệu nhận: {"choices":["A","C","D"],"betAmount":4325}
Dữ liệu nhận: {"choices":["B","D"],"betAmount":4325}
Dữ liệu nhận: {"choices":["A","D"],"betAmount":4325}
Dữ liệu nhận: {"choices":["C"],"betAmount":4325}
Dữ liệu nhận: {"choices":["C"],"betAmount":43254}
Dữ liệu nhận: {"choices":["B","C","D"],"betAmount":344}
Dữ liệu nhận: {"choices":["A","D"],"betAmount":4234}
Dữ liệu nhận: {"choices":["A","D"],"betAmount":4234}
Dữ liệu nhận: {"choices":["A","B","C","D"],"betAmount":4234}
Dữ liệu nhận: {"choices":["A","B"],"betAmount":4234}
Dữ liệu nhận: {"choices":["A","B"],"betAmount":6767}
Dữ liệu nhận: {"choices":["A","B"],"betAmount":6767}
Dữ liệu nhận: {"choices":["A","B"],"betAmount":6767}
Dữ liệu nhận: {"choices":["A","B"],"betAmount":6767}
Dữ liệu nhận: {"choices":["A","D"],"betAmount":6767}
Dữ liệu nhận: {"choices":["A","B","C","D"],"betAmount":6767}
Dữ liệu nhận: {"choices":["D"],"betAmount":4444}
Dữ liệu nhận: {"choices":["D"],"betAmount":4444}
Dữ liệu nhận: {"choices":["D"],"betAmount":4444}
Dữ liệu nhận: {"choices":["D"],"betAmount":4444}
Dữ liệu nhận: {"choices":["D"],"betAmount":4444}
Dữ liệu nhận: {"choices":["D"],"betAmount":4444}
Dữ liệu nhận: {"choices":["D"],"betAmount":4444}
Dữ liệu nhận: {"choices":["A","B"],"betAmount":455}
Dữ liệu nhận: {"choices":["A","B","C"],"betAmount":455}
Dữ liệu nhận: {"choices":["C","D"],"betAmount":455}
Dữ liệu nhận: {"choices":["C","D"],"betAmount":455}
Dữ liệu nhận: {"choices":["D"],"betAmount":455}
Dữ liệu nhận: {"choices":["D"],"betAmount":4555}
Dữ liệu nhận: 
Dữ liệu nhận: {"choices":["A","B","C"],"betAmount":4444}
Dữ liệu nhận: {"choices":["A","B","C","D"],"betAmount":44444444}
Dữ liệu nhận: {"choices":["A","B","C","D"],"betAmount":4444}
Dữ liệu nhận: {"choices":["C"],"betAmount":432}
Dữ liệu nhận: {"choices":["A","B","C"],"betAmount":13000}
